# JRE version: Java(TM) SE Runtime Environment (7.0_51-b13) (build 1.7.0_51-b13)
# Java VM: Java HotSpot(TM) 64-Bit Server VM (24.51-b03 mixed mode windows-amd64 compressed oops)
Heap
 PSYoungGen      total 446976K, used 356251K [0x00000007d6080000, 0x0000000800000000, 0x0000000800000000)
  eden space 251392K, 75% used [0x00000007d6080000,0x00000007e1adef80,0x00000007e5600000)
  from space 195584K, 84% used [0x00000007f4100000,0x00000007fe288000,0x0000000800000000)
  to   space 218112K, 0% used [0x00000007e5600000,0x00000007e5600000,0x00000007f2b00000)
 ParOldGen       total 249856K, used 123103K [0x0000000782200000, 0x0000000791600000, 0x00000007d6080000)
  object space 249856K, 49% used [0x0000000782200000,0x0000000789a37ea0,0x0000000791600000)
 PSPermGen       total 73216K, used 37471K [0x000000077d000000, 0x0000000781780000, 0x0000000782200000)
  object space 73216K, 51% used [0x000000077d000000,0x000000077f497fa0,0x0000000781780000)
GC Heap History (10 events):
Event: 47.321 GC heap before
{Heap before GC invocations=10 (full 2):
 PSYoungGen      total 281600K, used 210944K [0x00000007d6080000, 0x00000007f3280000, 0x0000000800000000)
  eden space 210944K, 100% used [0x00000007d6080000,0x00000007e2e80000,0x00000007e2e80000)
  from space 70656K, 0% used [0x00000007e2e80000,0x00000007e2e80000,0x00000007e7380000)
  to   space 102912K, 0% used [0x00000007ece00000,0x00000007ece00000,0x00000007f3280000)
 ParOldGen       total 249856K, used 112702K [0x0000000782200000, 0x0000000791600000, 0x00000007d6080000)
  object space 249856K, 45% used [0x0000000782200000,0x000000078900fa98,0x0000000791600000)
 PSPermGen       total 73216K, used 33583K [0x000000077d000000, 0x0000000781780000, 0x0000000782200000)
  object space 73216K, 45% used [0x000000077d000000,0x000000077f0cbdc8,0x0000000781780000)
Event: 48.216 GC heap after
Heap after GC invocations=10 (full 2):
 PSYoungGen      total 349696K, used 102910K [0x00000007d6080000, 0x00000007f8900000, 0x0000000800000000)
  eden space 246784K, 0% used [0x00000007d6080000,0x00000007d6080000,0x00000007e5180000)
  from space 102912K, 99% used [0x00000007ece00000,0x00000007f327f870,0x00000007f3280000)
  to   space 127488K, 0% used [0x00000007e5180000,0x00000007e5180000,0x00000007ece00000)
 ParOldGen       total 249856K, used 120290K [0x0000000782200000, 0x0000000791600000, 0x00000007d6080000)
  object space 249856K, 48% used [0x0000000782200000,0x0000000789778a48,0x0000000791600000)
 PSPermGen       total 73216K, used 33583K [0x000000077d000000, 0x0000000781780000, 0x0000000782200000)
  object space 73216K, 45% used [0x000000077d000000,0x000000077f0cbdc8,0x0000000781780000)
}
Event: 55.392 GC heap before
{Heap before GC invocations=11 (full 2):
 PSYoungGen      total 349696K, used 349694K [0x00000007d6080000, 0x00000007f8900000, 0x0000000800000000)
  eden space 246784K, 100% used [0x00000007d6080000,0x00000007e5180000,0x00000007e5180000)
  from space 102912K, 99% used [0x00000007ece00000,0x00000007f327f870,0x00000007f3280000)
  to   space 127488K, 0% used [0x00000007e5180000,0x00000007e5180000,0x00000007ece00000)
 ParOldGen       total 249856K, used 120290K [0x0000000782200000, 0x0000000791600000, 0x00000007d6080000)
  object space 249856K, 48% used [0x0000000782200000,0x0000000789778a48,0x0000000791600000)
 PSPermGen       total 73216K, used 36898K [0x000000077d000000, 0x0000000781780000, 0x0000000782200000)
  object space 73216K, 50% used [0x000000077d000000,0x000000077f4088c0,0x0000000781780000)
Event: 56.306 GC heap after
Heap after GC invocations=11 (full 2):
 PSYoungGen      total 374272K, used 125430K [0x00000007d6080000, 0x00000007fc280000, 0x0000000800000000)
  eden space 246784K, 0% used [0x00000007d6080000,0x00000007d6080000,0x00000007e5180000)
  from space 127488K, 98% used [0x00000007e5180000,0x00000007ecbfd8b8,0x00000007ece00000)
  to   space 151040K, 0% used [0x00000007f2f00000,0x00000007f2f00000,0x00000007fc280000)
 ParOldGen       total 249856K, used 120290K [0x0000000782200000, 0x0000000791600000, 0x00000007d6080000)
  object space 249856K, 48% used [0x0000000782200000,0x0000000789778a48,0x0000000791600000)
 PSPermGen       total 73216K, used 36898K [0x000000077d000000, 0x0000000781780000, 0x0000000782200000)
  object space 73216K, 50% used [0x000000077d000000,0x000000077f4088c0,0x0000000781780000)
}
Event: 63.005 GC heap before
{Heap before GC invocations=12 (full 2):
 PSYoungGen      total 374272K, used 372214K [0x00000007d6080000, 0x00000007fc280000, 0x0000000800000000)
  eden space 246784K, 100% used [0x00000007d6080000,0x00000007e5180000,0x00000007e5180000)
  from space 127488K, 98% used [0x00000007e5180000,0x00000007ecbfd8b8,0x00000007ece00000)
  to   space 151040K, 0% used [0x00000007f2f00000,0x00000007f2f00000,0x00000007fc280000)
 ParOldGen       total 249856K, used 120290K [0x0000000782200000, 0x0000000791600000, 0x00000007d6080000)
  object space 249856K, 48% used [0x0000000782200000,0x0000000789778a48,0x0000000791600000)
 PSPermGen       total 73216K, used 36995K [0x000000077d000000, 0x0000000781780000, 0x0000000782200000)
  object space 73216K, 50% used [0x000000077d000000,0x000000077f420e60,0x0000000781780000)
Event: 63.991 GC heap after
Heap after GC invocations=12 (full 2):
 PSYoungGen      total 456192K, used 127642K [0x00000007d6080000, 0x00000007fe980000, 0x0000000800000000)
  eden space 305152K, 0% used [0x00000007d6080000,0x00000007d6080000,0x00000007e8a80000)
  from space 151040K, 84% used [0x00000007f2f00000,0x00000007faba6a18,0x00000007fc280000)
  to   space 168448K, 0% used [0x00000007e8a80000,0x00000007e8a80000,0x00000007f2f00000)
 ParOldGen       total 249856K, used 120290K [0x0000000782200000, 0x0000000791600000, 0x00000007d6080000)
  object space 249856K, 48% used [0x0000000782200000,0x0000000789778a48,0x0000000791600000)
 PSPermGen       total 73216K, used 36995K [0x000000077d000000, 0x0000000781780000, 0x0000000782200000)
  object space 73216K, 50% used [0x000000077d000000,0x000000077f420e60,0x0000000781780000)
}
Event: 72.356 GC heap before
{Heap before GC invocations=13 (full 2):
 PSYoungGen      total 456192K, used 432794K [0x00000007d6080000, 0x00000007fe980000, 0x0000000800000000)
  eden space 305152K, 100% used [0x00000007d6080000,0x00000007e8a80000,0x00000007e8a80000)
  from space 151040K, 84% used [0x00000007f2f00000,0x00000007faba6a18,0x00000007fc280000)
  to   space 168448K, 0% used [0x00000007e8a80000,0x00000007e8a80000,0x00000007f2f00000)
 ParOldGen       total 249856K, used 120290K [0x0000000782200000, 0x0000000791600000, 0x00000007d6080000)
  object space 249856K, 48% used [0x0000000782200000,0x0000000789778a48,0x0000000791600000)
 PSPermGen       total 73216K, used 37073K [0x000000077d000000, 0x0000000781780000, 0x0000000782200000)
  object space 73216K, 50% used [0x000000077d000000,0x000000077f434418,0x0000000781780000)
Event: 73.501 GC heap after
Heap after GC invocations=13 (full 2):
 PSYoungGen      total 473600K, used 163296K [0x00000007d6080000, 0x0000000800000000, 0x0000000800000000)
  eden space 305152K, 0% used [0x00000007d6080000,0x00000007d6080000,0x00000007e8a80000)
  from space 168448K, 96% used [0x00000007e8a80000,0x00000007f29f8000,0x00000007f2f00000)
  to   space 195584K, 0% used [0x00000007f4100000,0x00000007f4100000,0x0000000800000000)
 ParOldGen       total 249856K, used 122925K [0x0000000782200000, 0x0000000791600000, 0x00000007d6080000)
  object space 249856K, 49% used [0x0000000782200000,0x0000000789a0b5d0,0x0000000791600000)
 PSPermGen       total 73216K, used 37073K [0x000000077d000000, 0x0000000781780000, 0x0000000782200000)
  object space 73216K, 50% used [0x000000077d000000,0x000000077f434418,0x0000000781780000)
}
Event: 81.989 GC heap before
{Heap before GC invocations=14 (full 2):
 PSYoungGen      total 473600K, used 468448K [0x00000007d6080000, 0x0000000800000000, 0x0000000800000000)
  eden space 305152K, 100% used [0x00000007d6080000,0x00000007e8a80000,0x00000007e8a80000)
  from space 168448K, 96% used [0x00000007e8a80000,0x00000007f29f8000,0x00000007f2f00000)
  to   space 195584K, 0% used [0x00000007f4100000,0x00000007f4100000,0x0000000800000000)
 ParOldGen       total 249856K, used 122925K [0x0000000782200000, 0x0000000791600000, 0x00000007d6080000)
  object space 249856K, 49% used [0x0000000782200000,0x0000000789a0b5d0,0x0000000791600000)
 PSPermGen       total 73216K, used 37195K [0x000000077d000000, 0x0000000781780000, 0x0000000782200000)
  object space 73216K, 50% used [0x000000077d000000,0x000000077f452f88,0x0000000781780000)
Event: 83.215 GC heap after
Heap after GC invocations=14 (full 2):
 PSYoungGen      total 446976K, used 165408K [0x00000007d6080000, 0x0000000800000000, 0x0000000800000000)
  eden space 251392K, 0% used [0x00000007d6080000,0x00000007d6080000,0x00000007e5600000)
  from space 195584K, 84% used [0x00000007f4100000,0x00000007fe288000,0x0000000800000000)
  to   space 218112K, 0% used [0x00000007e5600000,0x00000007e5600000,0x00000007f2b00000)
 ParOldGen       total 249856K, used 123103K [0x0000000782200000, 0x0000000791600000, 0x00000007d6080000)
  object space 249856K, 49% used [0x0000000782200000,0x0000000789a37ea0,0x0000000791600000)
 PSPermGen       total 73216K, used 37195K [0x000000077d000000, 0x0000000781780000, 0x0000000782200000)
  object space 73216K, 50% used [0x000000077d000000,0x000000077f452f88,0x0000000781780000)
}

