# JRE version: Java(TM) SE Runtime Environment (7.0_51-b13) (build 1.7.0_51-b13)
# Java VM: Java HotSpot(TM) 64-Bit Server VM (24.51-b03 mixed mode windows-amd64 compressed oops)
Heap
 PSYoungGen      total 142336K, used 23346K [0x00000007d6080000, 0x00000007dfa80000, 0x0000000800000000)
  eden space 130048K, 10% used [0x00000007d6080000,0x00000007d6d77e90,0x00000007ddf80000)
  from space 12288K, 81% used [0x00000007dec80000,0x00000007df654ad8,0x00000007df880000)
  to   space 13312K, 0% used [0x00000007ddf80000,0x00000007ddf80000,0x00000007dec80000)
 ParOldGen       total 85504K, used 8689K [0x0000000782200000, 0x0000000787580000, 0x00000007d6080000)
  object space 85504K, 10% used [0x0000000782200000,0x0000000782a7c410,0x0000000787580000)
 PSPermGen       total 33280K, used 32801K [0x000000077d000000, 0x000000077f080000, 0x0000000782200000)
  object space 33280K, 98% used [0x000000077d000000,0x000000077f008530,0x000000077f080000)
GC Heap History (10 events):
Event: 8.240 GC heap before
{Heap before GC invocations=2 (full 0):
 PSYoungGen      total 37888K, used 35247K [0x00000007d6080000, 0x00000007d8a80000, 0x0000000800000000)
  eden space 32768K, 100% used [0x00000007d6080000,0x00000007d8080000,0x00000007d8080000)
  from space 5120K, 48% used [0x00000007d8080000,0x00000007d82ebe30,0x00000007d8580000)
  to   space 5120K, 0% used [0x00000007d8580000,0x00000007d8580000,0x00000007d8a80000)
 ParOldGen       total 85504K, used 8K [0x0000000782200000, 0x0000000787580000, 0x00000007d6080000)
  object space 85504K, 0% used [0x0000000782200000,0x0000000782202000,0x0000000787580000)
 PSPermGen       total 21504K, used 14203K [0x000000077d000000, 0x000000077e500000, 0x0000000782200000)
  object space 21504K, 66% used [0x000000077d000000,0x000000077dddec60,0x000000077e500000)
Event: 9.575 GC heap after
Heap after GC invocations=2 (full 0):
 PSYoungGen      total 37888K, used 4289K [0x00000007d6080000, 0x00000007daa80000, 0x0000000800000000)
  eden space 32768K, 0% used [0x00000007d6080000,0x00000007d6080000,0x00000007d8080000)
  from space 5120K, 83% used [0x00000007d8580000,0x00000007d89b04a8,0x00000007d8a80000)
  to   space 5120K, 0% used [0x00000007d8080000,0x00000007d8080000,0x00000007d8580000)
 ParOldGen       total 85504K, used 80K [0x0000000782200000, 0x0000000787580000, 0x00000007d6080000)
  object space 85504K, 0% used [0x0000000782200000,0x0000000782214010,0x0000000787580000)
 PSPermGen       total 21504K, used 14203K [0x000000077d000000, 0x000000077e500000, 0x0000000782200000)
  object space 21504K, 66% used [0x000000077d000000,0x000000077dddec60,0x000000077e500000)
}
Event: 13.426 GC heap before
{Heap before GC invocations=3 (full 0):
 PSYoungGen      total 37888K, used 37057K [0x00000007d6080000, 0x00000007daa80000, 0x0000000800000000)
  eden space 32768K, 100% used [0x00000007d6080000,0x00000007d8080000,0x00000007d8080000)
  from space 5120K, 83% used [0x00000007d8580000,0x00000007d89b04a8,0x00000007d8a80000)
  to   space 5120K, 0% used [0x00000007d8080000,0x00000007d8080000,0x00000007d8580000)
 ParOldGen       total 85504K, used 80K [0x0000000782200000, 0x0000000787580000, 0x00000007d6080000)
  object space 85504K, 0% used [0x0000000782200000,0x0000000782214010,0x0000000787580000)
 PSPermGen       total 21504K, used 16822K [0x000000077d000000, 0x000000077e500000, 0x0000000782200000)
  object space 21504K, 78% used [0x000000077d000000,0x000000077e06dac0,0x000000077e500000)
Event: 13.467 GC heap after
Heap after GC invocations=3 (full 0):
 PSYoungGen      total 37888K, used 4833K [0x00000007d6080000, 0x00000007daa80000, 0x0000000800000000)
  eden space 32768K, 0% used [0x00000007d6080000,0x00000007d6080000,0x00000007d8080000)
  from space 5120K, 94% used [0x00000007d8080000,0x00000007d85387a0,0x00000007d8580000)
  to   space 5120K, 0% used [0x00000007da580000,0x00000007da580000,0x00000007daa80000)
 ParOldGen       total 85504K, used 88K [0x0000000782200000, 0x0000000787580000, 0x00000007d6080000)
  object space 85504K, 0% used [0x0000000782200000,0x0000000782216010,0x0000000787580000)
 PSPermGen       total 21504K, used 16822K [0x000000077d000000, 0x000000077e500000, 0x0000000782200000)
  object space 21504K, 78% used [0x000000077d000000,0x000000077e06dac0,0x000000077e500000)
}
Event: 18.391 GC heap before
{Heap before GC invocations=4 (full 0):
 PSYoungGen      total 37888K, used 37601K [0x00000007d6080000, 0x00000007daa80000, 0x0000000800000000)
  eden space 32768K, 100% used [0x00000007d6080000,0x00000007d8080000,0x00000007d8080000)
  from space 5120K, 94% used [0x00000007d8080000,0x00000007d85387a0,0x00000007d8580000)
  to   space 5120K, 0% used [0x00000007da580000,0x00000007da580000,0x00000007daa80000)
 ParOldGen       total 85504K, used 88K [0x0000000782200000, 0x0000000787580000, 0x00000007d6080000)
  object space 85504K, 0% used [0x0000000782200000,0x0000000782216010,0x0000000787580000)
 PSPermGen       total 23040K, used 22540K [0x000000077d000000, 0x000000077e680000, 0x0000000782200000)
  object space 23040K, 97% used [0x000000077d000000,0x000000077e603110,0x000000077e680000)
Event: 18.529 GC heap after
Heap after GC invocations=4 (full 0):
 PSYoungGen      total 70656K, used 5117K [0x00000007d6080000, 0x00000007daa80000, 0x0000000800000000)
  eden space 65536K, 0% used [0x00000007d6080000,0x00000007d6080000,0x00000007da080000)
  from space 5120K, 99% used [0x00000007da580000,0x00000007daa7f400,0x00000007daa80000)
  to   space 5120K, 0% used [0x00000007da080000,0x00000007da080000,0x00000007da580000)
 ParOldGen       total 85504K, used 3405K [0x0000000782200000, 0x0000000787580000, 0x00000007d6080000)
  object space 85504K, 3% used [0x0000000782200000,0x0000000782553528,0x0000000787580000)
 PSPermGen       total 23040K, used 22540K [0x000000077d000000, 0x000000077e680000, 0x0000000782200000)
  object space 23040K, 97% used [0x000000077d000000,0x000000077e603110,0x000000077e680000)
}
Event: 24.883 GC heap before
{Heap before GC invocations=5 (full 0):
 PSYoungGen      total 70656K, used 70653K [0x00000007d6080000, 0x00000007daa80000, 0x0000000800000000)
  eden space 65536K, 100% used [0x00000007d6080000,0x00000007da080000,0x00000007da080000)
  from space 5120K, 99% used [0x00000007da580000,0x00000007daa7f400,0x00000007daa80000)
  to   space 5120K, 0% used [0x00000007da080000,0x00000007da080000,0x00000007da580000)
 ParOldGen       total 85504K, used 3405K [0x0000000782200000, 0x0000000787580000, 0x00000007d6080000)
  object space 85504K, 3% used [0x0000000782200000,0x0000000782553528,0x0000000787580000)
 PSPermGen       total 29696K, used 29454K [0x000000077d000000, 0x000000077ed00000, 0x0000000782200000)
  object space 29696K, 99% used [0x000000077d000000,0x000000077ecc39a8,0x000000077ed00000)
Event: 25.042 GC heap after
Heap after GC invocations=5 (full 0):
 PSYoungGen      total 70656K, used 5089K [0x00000007d6080000, 0x00000007df880000, 0x0000000800000000)
  eden space 65536K, 0% used [0x00000007d6080000,0x00000007d6080000,0x00000007da080000)
  from space 5120K, 99% used [0x00000007da080000,0x00000007da578470,0x00000007da580000)
  to   space 12288K, 0% used [0x00000007dec80000,0x00000007dec80000,0x00000007df880000)
 ParOldGen       total 85504K, used 8681K [0x0000000782200000, 0x0000000787580000, 0x00000007d6080000)
  object space 85504K, 10% used [0x0000000782200000,0x0000000782a7a410,0x0000000787580000)
 PSPermGen       total 29696K, used 29454K [0x000000077d000000, 0x000000077ed00000, 0x0000000782200000)
  object space 29696K, 99% used [0x000000077d000000,0x000000077ecc39a8,0x000000077ed00000)
}
Event: 91.360 GC heap before
{Heap before GC invocations=6 (full 0):
 PSYoungGen      total 70656K, used 70625K [0x00000007d6080000, 0x00000007df880000, 0x0000000800000000)
  eden space 65536K, 100% used [0x00000007d6080000,0x00000007da080000,0x00000007da080000)
  from space 5120K, 99% used [0x00000007da080000,0x00000007da578470,0x00000007da580000)
  to   space 12288K, 0% used [0x00000007dec80000,0x00000007dec80000,0x00000007df880000)
 ParOldGen       total 85504K, used 8681K [0x0000000782200000, 0x0000000787580000, 0x00000007d6080000)
  object space 85504K, 10% used [0x0000000782200000,0x0000000782a7a410,0x0000000787580000)
 PSPermGen       total 32768K, used 32685K [0x000000077d000000, 0x000000077f000000, 0x0000000782200000)
  object space 32768K, 99% used [0x000000077d000000,0x000000077efeb7b8,0x000000077f000000)
Event: 91.425 GC heap after
Heap after GC invocations=6 (full 0):
 PSYoungGen      total 142336K, used 10066K [0x00000007d6080000, 0x00000007dfa80000, 0x0000000800000000)
  eden space 130048K, 0% used [0x00000007d6080000,0x00000007d6080000,0x00000007ddf80000)
  from space 12288K, 81% used [0x00000007dec80000,0x00000007df654ad8,0x00000007df880000)
  to   space 13312K, 0% used [0x00000007ddf80000,0x00000007ddf80000,0x00000007dec80000)
 ParOldGen       total 85504K, used 8689K [0x0000000782200000, 0x0000000787580000, 0x00000007d6080000)
  object space 85504K, 10% used [0x0000000782200000,0x0000000782a7c410,0x0000000787580000)
 PSPermGen       total 32768K, used 32685K [0x000000077d000000, 0x000000077f000000, 0x0000000782200000)
  object space 32768K, 99% used [0x000000077d000000,0x000000077efeb7b8,0x000000077f000000)
}

