# JRE version: Java(TM) SE Runtime Environment (7.0_51-b13) (build 1.7.0_51-b13)
# Java VM: Java HotSpot(TM) 64-Bit Server VM (24.51-b03 mixed mode windows-amd64 compressed oops)
Heap
 PSYoungGen      total 306688K, used 114093K [0x00000007d6080000, 0x00000007f8680000, 0x0000000800000000)
  eden space 206848K, 6% used [0x00000007d6080000,0x00000007d6e6b458,0x00000007e2a80000)
  from space 99840K, 100% used [0x00000007ea780000,0x00000007f0900000,0x00000007f0900000)
  to   space 128000K, 0% used [0x00000007e2a80000,0x00000007e2a80000,0x00000007ea780000)
 ParOldGen       total 156672K, used 114865K [0x0000000782200000, 0x000000078bb00000, 0x00000007d6080000)
  object space 156672K, 73% used [0x0000000782200000,0x000000078922c488,0x000000078bb00000)
 PSPermGen       total 65024K, used 32870K [0x000000077d000000, 0x0000000780f80000, 0x0000000782200000)
  object space 65024K, 50% used [0x000000077d000000,0x000000077f019a00,0x0000000780f80000)
GC Heap History (10 events):
Event: 14.388 GC heap before
{Heap before GC invocations=5 (full 0):
 PSYoungGen      total 136192K, used 136161K [0x00000007d6080000, 0x00000007dea80000, 0x0000000800000000)
  eden space 131072K, 100% used [0x00000007d6080000,0x00000007de080000,0x00000007de080000)
  from space 5120K, 99% used [0x00000007de580000,0x00000007dea78480,0x00000007dea80000)
  to   space 5120K, 0% used [0x00000007de080000,0x00000007de080000,0x00000007de580000)
 ParOldGen       total 85504K, used 10405K [0x0000000782200000, 0x0000000787580000, 0x00000007d6080000)
  object space 85504K, 12% used [0x0000000782200000,0x0000000782c29618,0x0000000787580000)
 PSPermGen       total 32768K, used 32404K [0x000000077d000000, 0x000000077f000000, 0x0000000782200000)
  object space 32768K, 98% used [0x000000077d000000,0x000000077efa5180,0x000000077f000000)
Event: 14.833 GC heap after
Heap after GC invocations=5 (full 0):
 PSYoungGen      total 136192K, used 5117K [0x00000007d6080000, 0x00000007ebe80000, 0x0000000800000000)
  eden space 131072K, 0% used [0x00000007d6080000,0x00000007d6080000,0x00000007de080000)
  from space 5120K, 99% used [0x00000007de080000,0x00000007de57f460,0x00000007de580000)
  to   space 48128K, 0% used [0x00000007e8f80000,0x00000007e8f80000,0x00000007ebe80000)
 ParOldGen       total 85504K, used 64604K [0x0000000782200000, 0x0000000787580000, 0x00000007d6080000)
  object space 85504K, 75% used [0x0000000782200000,0x0000000786117030,0x0000000787580000)
 PSPermGen       total 32768K, used 32404K [0x000000077d000000, 0x000000077f000000, 0x0000000782200000)
  object space 32768K, 98% used [0x000000077d000000,0x000000077efa5180,0x000000077f000000)
}
Event: 14.833 GC heap before
{Heap before GC invocations=6 (full 1):
 PSYoungGen      total 136192K, used 5117K [0x00000007d6080000, 0x00000007ebe80000, 0x0000000800000000)
  eden space 131072K, 0% used [0x00000007d6080000,0x00000007d6080000,0x00000007de080000)
  from space 5120K, 99% used [0x00000007de080000,0x00000007de57f460,0x00000007de580000)
  to   space 48128K, 0% used [0x00000007e8f80000,0x00000007e8f80000,0x00000007ebe80000)
 ParOldGen       total 85504K, used 64604K [0x0000000782200000, 0x0000000787580000, 0x00000007d6080000)
  object space 85504K, 75% used [0x0000000782200000,0x0000000786117030,0x0000000787580000)
 PSPermGen       total 32768K, used 32404K [0x000000077d000000, 0x000000077f000000, 0x0000000782200000)
  object space 32768K, 98% used [0x000000077d000000,0x000000077efa5180,0x000000077f000000)
Event: 16.569 GC heap after
Heap after GC invocations=6 (full 1):
 PSYoungGen      total 136192K, used 0K [0x00000007d6080000, 0x00000007ebe80000, 0x0000000800000000)
  eden space 131072K, 0% used [0x00000007d6080000,0x00000007d6080000,0x00000007de080000)
  from space 5120K, 0% used [0x00000007de080000,0x00000007de080000,0x00000007de580000)
  to   space 48128K, 0% used [0x00000007e8f80000,0x00000007e8f80000,0x00000007ebe80000)
 ParOldGen       total 156672K, used 55835K [0x0000000782200000, 0x000000078bb00000, 0x00000007d6080000)
  object space 156672K, 35% used [0x0000000782200000,0x0000000785886c10,0x000000078bb00000)
 PSPermGen       total 65024K, used 32393K [0x000000077d000000, 0x0000000780f80000, 0x0000000782200000)
  object space 65024K, 49% used [0x000000077d000000,0x000000077efa24a8,0x0000000780f80000)
}
Event: 20.245 GC heap before
{Heap before GC invocations=7 (full 1):
 PSYoungGen      total 136192K, used 131072K [0x00000007d6080000, 0x00000007ebe80000, 0x0000000800000000)
  eden space 131072K, 100% used [0x00000007d6080000,0x00000007de080000,0x00000007de080000)
  from space 5120K, 0% used [0x00000007de080000,0x00000007de080000,0x00000007de580000)
  to   space 48128K, 0% used [0x00000007e8f80000,0x00000007e8f80000,0x00000007ebe80000)
 ParOldGen       total 156672K, used 55835K [0x0000000782200000, 0x000000078bb00000, 0x00000007d6080000)
  object space 156672K, 35% used [0x0000000782200000,0x0000000785886c10,0x000000078bb00000)
 PSPermGen       total 65024K, used 32453K [0x000000077d000000, 0x0000000780f80000, 0x0000000782200000)
  object space 65024K, 49% used [0x000000077d000000,0x000000077efb16c0,0x0000000780f80000)
Event: 20.801 GC heap after
Heap after GC invocations=7 (full 1):
 PSYoungGen      total 217088K, used 48128K [0x00000007d6080000, 0x00000007ebe80000, 0x0000000800000000)
  eden space 168960K, 0% used [0x00000007d6080000,0x00000007d6080000,0x00000007e0580000)
  from space 48128K, 100% used [0x00000007e8f80000,0x00000007ebe80000,0x00000007ebe80000)
  to   space 72192K, 0% used [0x00000007e3180000,0x00000007e3180000,0x00000007e7800000)
 ParOldGen       total 156672K, used 76411K [0x0000000782200000, 0x000000078bb00000, 0x00000007d6080000)
  object space 156672K, 48% used [0x0000000782200000,0x0000000786c9ec10,0x000000078bb00000)
 PSPermGen       total 65024K, used 32453K [0x000000077d000000, 0x0000000780f80000, 0x0000000782200000)
  object space 65024K, 49% used [0x000000077d000000,0x000000077efb16c0,0x0000000780f80000)
}
Event: 25.200 GC heap before
{Heap before GC invocations=8 (full 1):
 PSYoungGen      total 217088K, used 217088K [0x00000007d6080000, 0x00000007ebe80000, 0x0000000800000000)
  eden space 168960K, 100% used [0x00000007d6080000,0x00000007e0580000,0x00000007e0580000)
  from space 48128K, 100% used [0x00000007e8f80000,0x00000007ebe80000,0x00000007ebe80000)
  to   space 72192K, 0% used [0x00000007e3180000,0x00000007e3180000,0x00000007e7800000)
 ParOldGen       total 156672K, used 76411K [0x0000000782200000, 0x000000078bb00000, 0x00000007d6080000)
  object space 156672K, 48% used [0x0000000782200000,0x0000000786c9ec10,0x000000078bb00000)
 PSPermGen       total 65024K, used 32479K [0x000000077d000000, 0x0000000780f80000, 0x0000000782200000)
  object space 65024K, 49% used [0x000000077d000000,0x000000077efb7e58,0x0000000780f80000)
Event: 25.911 GC heap after
Heap after GC invocations=8 (full 1):
 PSYoungGen      total 286208K, used 72192K [0x00000007d6080000, 0x00000007f0900000, 0x0000000800000000)
  eden space 214016K, 0% used [0x00000007d6080000,0x00000007d6080000,0x00000007e3180000)
  from space 72192K, 100% used [0x00000007e3180000,0x00000007e7800000,0x00000007e7800000)
  to   space 99840K, 0% used [0x00000007ea780000,0x00000007ea780000,0x00000007f0900000)
 ParOldGen       total 156672K, used 97563K [0x0000000782200000, 0x000000078bb00000, 0x00000007d6080000)
  object space 156672K, 62% used [0x0000000782200000,0x0000000788146c10,0x000000078bb00000)
 PSPermGen       total 65024K, used 32479K [0x000000077d000000, 0x0000000780f80000, 0x0000000782200000)
  object space 65024K, 49% used [0x000000077d000000,0x000000077efb7e58,0x0000000780f80000)
}
Event: 31.847 GC heap before
{Heap before GC invocations=9 (full 1):
 PSYoungGen      total 286208K, used 286208K [0x00000007d6080000, 0x00000007f0900000, 0x0000000800000000)
  eden space 214016K, 100% used [0x00000007d6080000,0x00000007e3180000,0x00000007e3180000)
  from space 72192K, 100% used [0x00000007e3180000,0x00000007e7800000,0x00000007e7800000)
  to   space 99840K, 0% used [0x00000007ea780000,0x00000007ea780000,0x00000007f0900000)
 ParOldGen       total 156672K, used 97563K [0x0000000782200000, 0x000000078bb00000, 0x00000007d6080000)
  object space 156672K, 62% used [0x0000000782200000,0x0000000788146c10,0x000000078bb00000)
 PSPermGen       total 65024K, used 32864K [0x000000077d000000, 0x0000000780f80000, 0x0000000782200000)
  object space 65024K, 50% used [0x000000077d000000,0x000000077f0180d8,0x0000000780f80000)
Event: 32.678 GC heap after
Heap after GC invocations=9 (full 1):
 PSYoungGen      total 306688K, used 99840K [0x00000007d6080000, 0x00000007f8680000, 0x0000000800000000)
  eden space 206848K, 0% used [0x00000007d6080000,0x00000007d6080000,0x00000007e2a80000)
  from space 99840K, 100% used [0x00000007ea780000,0x00000007f0900000,0x00000007f0900000)
  to   space 128000K, 0% used [0x00000007e2a80000,0x00000007e2a80000,0x00000007ea780000)
 ParOldGen       total 156672K, used 114865K [0x0000000782200000, 0x000000078bb00000, 0x00000007d6080000)
  object space 156672K, 73% used [0x0000000782200000,0x000000078922c488,0x000000078bb00000)
 PSPermGen       total 65024K, used 32864K [0x000000077d000000, 0x0000000780f80000, 0x0000000782200000)
  object space 65024K, 50% used [0x000000077d000000,0x000000077f0180d8,0x0000000780f80000)
}

