# JRE version: Java(TM) SE Runtime Environment (7.0_51-b13) (build 1.7.0_51-b13)
# Java VM: Java HotSpot(TM) 64-Bit Server VM (24.51-b03 mixed mode windows-amd64 compressed oops)
Heap
 PSYoungGen      total 27648K, used 20336K [0x00000007d6080000, 0x00000007d8100000, 0x0000000800000000)
  eden space 23040K, 88% used [0x00000007d6080000,0x00000007d745c090,0x00000007d7700000)
  from space 4608K, 0% used [0x00000007d7700000,0x00000007d7700000,0x00000007d7b80000)
  to   space 5120K, 0% used [0x00000007d7c00000,0x00000007d7c00000,0x00000007d8100000)
 ParOldGen       total 78336K, used 42226K [0x0000000782200000, 0x0000000786e80000, 0x00000007d6080000)
  object space 78336K, 53% used [0x0000000782200000,0x0000000784b3c928,0x0000000786e80000)
 PSPermGen       total 82944K, used 41309K [0x000000077d000000, 0x0000000782100000, 0x0000000782200000)
  object space 82944K, 49% used [0x000000077d000000,0x000000077f857558,0x0000000782100000)
GC Heap History (10 events):
Event: 786.860 GC heap before
{Heap before GC invocations=50 (full 0):
 PSYoungGen      total 28160K, used 24152K [0x00000007d6080000, 0x00000007d8080000, 0x0000000800000000)
  eden space 23552K, 100% used [0x00000007d6080000,0x00000007d7780000,0x00000007d7780000)
  from space 4608K, 13% used [0x00000007d7780000,0x00000007d78162f0,0x00000007d7c00000)
  to   space 4608K, 0% used [0x00000007d7c00000,0x00000007d7c00000,0x00000007d8080000)
 ParOldGen       total 85504K, used 77742K [0x0000000782200000, 0x0000000787580000, 0x00000007d6080000)
  object space 85504K, 90% used [0x0000000782200000,0x0000000786debbc8,0x0000000787580000)
 PSPermGen       total 41472K, used 41303K [0x000000077d000000, 0x000000077f880000, 0x0000000782200000)
  object space 41472K, 99% used [0x000000077d000000,0x000000077f855cb0,0x000000077f880000)
Event: 786.862 GC heap after
Heap after GC invocations=50 (full 0):
 PSYoungGen      total 27136K, used 467K [0x00000007d6080000, 0x00000007d7f80000, 0x0000000800000000)
  eden space 23552K, 0% used [0x00000007d6080000,0x00000007d6080000,0x00000007d7780000)
  from space 3584K, 13% used [0x00000007d7c00000,0x00000007d7c74e08,0x00000007d7f80000)
  to   space 4096K, 0% used [0x00000007d7780000,0x00000007d7780000,0x00000007d7b80000)
 ParOldGen       total 85504K, used 78278K [0x0000000782200000, 0x0000000787580000, 0x00000007d6080000)
  object space 85504K, 91% used [0x0000000782200000,0x0000000786e71950,0x0000000787580000)
 PSPermGen       total 41472K, used 41303K [0x000000077d000000, 0x000000077f880000, 0x0000000782200000)
  object space 41472K, 99% used [0x000000077d000000,0x000000077f855cb0,0x000000077f880000)
}
Event: 835.067 GC heap before
{Heap before GC invocations=51 (full 0):
 PSYoungGen      total 27136K, used 24019K [0x00000007d6080000, 0x00000007d7f80000, 0x0000000800000000)
  eden space 23552K, 100% used [0x00000007d6080000,0x00000007d7780000,0x00000007d7780000)
  from space 3584K, 13% used [0x00000007d7c00000,0x00000007d7c74e08,0x00000007d7f80000)
  to   space 4096K, 0% used [0x00000007d7780000,0x00000007d7780000,0x00000007d7b80000)
 ParOldGen       total 85504K, used 78278K [0x0000000782200000, 0x0000000787580000, 0x00000007d6080000)
  object space 85504K, 91% used [0x0000000782200000,0x0000000786e71950,0x0000000787580000)
 PSPermGen       total 41472K, used 41308K [0x000000077d000000, 0x000000077f880000, 0x0000000782200000)
  object space 41472K, 99% used [0x000000077d000000,0x000000077f8573c0,0x000000077f880000)
Event: 835.069 GC heap after
Heap after GC invocations=51 (full 0):
 PSYoungGen      total 27648K, used 817K [0x00000007d6080000, 0x00000007d7f80000, 0x0000000800000000)
  eden space 23552K, 0% used [0x00000007d6080000,0x00000007d6080000,0x00000007d7780000)
  from space 4096K, 19% used [0x00000007d7780000,0x00000007d784c670,0x00000007d7b80000)
  to   space 4096K, 0% used [0x00000007d7b80000,0x00000007d7b80000,0x00000007d7f80000)
 ParOldGen       total 85504K, used 78597K [0x0000000782200000, 0x0000000787580000, 0x00000007d6080000)
  object space 85504K, 91% used [0x0000000782200000,0x0000000786ec16a8,0x0000000787580000)
 PSPermGen       total 41472K, used 41308K [0x000000077d000000, 0x000000077f880000, 0x0000000782200000)
  object space 41472K, 99% used [0x000000077d000000,0x000000077f8573c0,0x000000077f880000)
}
Event: 894.350 GC heap before
{Heap before GC invocations=52 (full 0):
 PSYoungGen      total 27648K, used 24369K [0x00000007d6080000, 0x00000007d7f80000, 0x0000000800000000)
  eden space 23552K, 100% used [0x00000007d6080000,0x00000007d7780000,0x00000007d7780000)
  from space 4096K, 19% used [0x00000007d7780000,0x00000007d784c670,0x00000007d7b80000)
  to   space 4096K, 0% used [0x00000007d7b80000,0x00000007d7b80000,0x00000007d7f80000)
 ParOldGen       total 85504K, used 78597K [0x0000000782200000, 0x0000000787580000, 0x00000007d6080000)
  object space 85504K, 91% used [0x0000000782200000,0x0000000786ec16a8,0x0000000787580000)
 PSPermGen       total 41472K, used 41322K [0x000000077d000000, 0x000000077f880000, 0x0000000782200000)
  object space 41472K, 99% used [0x000000077d000000,0x000000077f85ab00,0x000000077f880000)
Event: 894.354 GC heap after
Heap after GC invocations=52 (full 0):
 PSYoungGen      total 27136K, used 3237K [0x00000007d6080000, 0x00000007d8080000, 0x0000000800000000)
  eden space 23040K, 0% used [0x00000007d6080000,0x00000007d6080000,0x00000007d7700000)
  from space 4096K, 79% used [0x00000007d7b80000,0x00000007d7ea96d0,0x00000007d7f80000)
  to   space 4608K, 0% used [0x00000007d7700000,0x00000007d7700000,0x00000007d7b80000)
 ParOldGen       total 85504K, used 79127K [0x0000000782200000, 0x0000000787580000, 0x00000007d6080000)
  object space 85504K, 92% used [0x0000000782200000,0x0000000786f45de8,0x0000000787580000)
 PSPermGen       total 41472K, used 41322K [0x000000077d000000, 0x000000077f880000, 0x0000000782200000)
  object space 41472K, 99% used [0x000000077d000000,0x000000077f85ab00,0x000000077f880000)
}
Event: 930.772 GC heap before
{Heap before GC invocations=53 (full 0):
 PSYoungGen      total 27136K, used 26277K [0x00000007d6080000, 0x00000007d8080000, 0x0000000800000000)
  eden space 23040K, 100% used [0x00000007d6080000,0x00000007d7700000,0x00000007d7700000)
  from space 4096K, 79% used [0x00000007d7b80000,0x00000007d7ea96d0,0x00000007d7f80000)
  to   space 4608K, 0% used [0x00000007d7700000,0x00000007d7700000,0x00000007d7b80000)
 ParOldGen       total 85504K, used 79127K [0x0000000782200000, 0x0000000787580000, 0x00000007d6080000)
  object space 85504K, 92% used [0x0000000782200000,0x0000000786f45de8,0x0000000787580000)
 PSPermGen       total 41472K, used 41333K [0x000000077d000000, 0x000000077f880000, 0x0000000782200000)
  object space 41472K, 99% used [0x000000077d000000,0x000000077f85d708,0x000000077f880000)
Event: 930.775 GC heap after
Heap after GC invocations=53 (full 0):
 PSYoungGen      total 27648K, used 3225K [0x00000007d6080000, 0x00000007d8100000, 0x0000000800000000)
  eden space 23040K, 0% used [0x00000007d6080000,0x00000007d6080000,0x00000007d7700000)
  from space 4608K, 69% used [0x00000007d7700000,0x00000007d7a265e0,0x00000007d7b80000)
  to   space 5120K, 0% used [0x00000007d7c00000,0x00000007d7c00000,0x00000007d8100000)
 ParOldGen       total 85504K, used 81937K [0x0000000782200000, 0x0000000787580000, 0x00000007d6080000)
  object space 85504K, 95% used [0x0000000782200000,0x0000000787204760,0x0000000787580000)
 PSPermGen       total 41472K, used 41333K [0x000000077d000000, 0x000000077f880000, 0x0000000782200000)
  object space 41472K, 99% used [0x000000077d000000,0x000000077f85d708,0x000000077f880000)
}
Event: 930.775 GC heap before
{Heap before GC invocations=54 (full 1):
 PSYoungGen      total 27648K, used 3225K [0x00000007d6080000, 0x00000007d8100000, 0x0000000800000000)
  eden space 23040K, 0% used [0x00000007d6080000,0x00000007d6080000,0x00000007d7700000)
  from space 4608K, 69% used [0x00000007d7700000,0x00000007d7a265e0,0x00000007d7b80000)
  to   space 5120K, 0% used [0x00000007d7c00000,0x00000007d7c00000,0x00000007d8100000)
 ParOldGen       total 85504K, used 81937K [0x0000000782200000, 0x0000000787580000, 0x00000007d6080000)
  object space 85504K, 95% used [0x0000000782200000,0x0000000787204760,0x0000000787580000)
 PSPermGen       total 41472K, used 41333K [0x000000077d000000, 0x000000077f880000, 0x0000000782200000)
  object space 41472K, 99% used [0x000000077d000000,0x000000077f85d708,0x000000077f880000)
Event: 930.947 GC heap after
Heap after GC invocations=54 (full 1):
 PSYoungGen      total 27648K, used 0K [0x00000007d6080000, 0x00000007d8100000, 0x0000000800000000)
  eden space 23040K, 0% used [0x00000007d6080000,0x00000007d6080000,0x00000007d7700000)
  from space 4608K, 0% used [0x00000007d7700000,0x00000007d7700000,0x00000007d7b80000)
  to   space 5120K, 0% used [0x00000007d7c00000,0x00000007d7c00000,0x00000007d8100000)
 ParOldGen       total 78336K, used 42226K [0x0000000782200000, 0x0000000786e80000, 0x00000007d6080000)
  object space 78336K, 53% used [0x0000000782200000,0x0000000784b3c928,0x0000000786e80000)
 PSPermGen       total 82944K, used 41308K [0x000000077d000000, 0x0000000782100000, 0x0000000782200000)
  object space 82944K, 49% used [0x000000077d000000,0x000000077f857178,0x0000000782100000)
}

