# JRE version: Java(TM) SE Runtime Environment (7.0_51-b13) (build 1.7.0_51-b13)
# Java VM: Java HotSpot(TM) 64-Bit Server VM (24.51-b03 mixed mode windows-amd64 compressed oops)
Heap
 PSYoungGen      total 465408K, used 256713K [0x00000007d6080000, 0x00000007ffc00000, 0x0000000800000000)
  eden space 252416K, 47% used [0x00000007d6080000,0x00000007dd62a6b8,0x00000007e5700000)
  from space 212992K, 63% used [0x00000007f2c00000,0x00000007fb108000,0x00000007ffc00000)
  to   space 215552K, 0% used [0x00000007e5700000,0x00000007e5700000,0x00000007f2980000)
 ParOldGen       total 231424K, used 173441K [0x0000000782200000, 0x0000000790400000, 0x00000007d6080000)
  object space 231424K, 74% used [0x0000000782200000,0x000000078cb60580,0x0000000790400000)
 PSPermGen       total 73216K, used 32971K [0x000000077d000000, 0x0000000781780000, 0x0000000782200000)
  object space 73216K, 45% used [0x000000077d000000,0x000000077f032fc8,0x0000000781780000)
GC Heap History (10 events):
Event: 83.954 GC heap before
{Heap before GC invocations=28 (full 2):
 PSYoungGen      total 457216K, used 358656K [0x00000007d6080000, 0x00000007ffd80000, 0x0000000800000000)
  eden space 229888K, 100% used [0x00000007d6080000,0x00000007e4100000,0x00000007e4100000)
  from space 227328K, 56% used [0x00000007e4100000,0x00000007ebec0000,0x00000007f1f00000)
  to   space 225280K, 0% used [0x00000007f2180000,0x00000007f2180000,0x00000007ffd80000)
 ParOldGen       total 231424K, used 173375K [0x0000000782200000, 0x0000000790400000, 0x00000007d6080000)
  object space 231424K, 74% used [0x0000000782200000,0x000000078cb4ff28,0x0000000790400000)
 PSPermGen       total 73216K, used 32587K [0x000000077d000000, 0x0000000781780000, 0x0000000782200000)
  object space 73216K, 44% used [0x000000077d000000,0x000000077efd2f40,0x0000000781780000)
Event: 84.421 GC heap after
Heap after GC invocations=28 (full 2):
 PSYoungGen      total 456704K, used 129184K [0x00000007d6080000, 0x00000007ffa00000, 0x0000000800000000)
  eden space 235008K, 0% used [0x00000007d6080000,0x00000007d6080000,0x00000007e4600000)
  from space 221696K, 58% used [0x00000007f2180000,0x00000007f9fa8000,0x00000007ffa00000)
  to   space 223232K, 0% used [0x00000007e4600000,0x00000007e4600000,0x00000007f2000000)
 ParOldGen       total 231424K, used 173391K [0x0000000782200000, 0x0000000790400000, 0x00000007d6080000)
  object space 231424K, 74% used [0x0000000782200000,0x000000078cb53f28,0x0000000790400000)
 PSPermGen       total 73216K, used 32587K [0x000000077d000000, 0x0000000781780000, 0x0000000782200000)
  object space 73216K, 44% used [0x000000077d000000,0x000000077efd2f40,0x0000000781780000)
}
Event: 90.509 GC heap before
{Heap before GC invocations=29 (full 2):
 PSYoungGen      total 456704K, used 364192K [0x00000007d6080000, 0x00000007ffa00000, 0x0000000800000000)
  eden space 235008K, 100% used [0x00000007d6080000,0x00000007e4600000,0x00000007e4600000)
  from space 221696K, 58% used [0x00000007f2180000,0x00000007f9fa8000,0x00000007ffa00000)
  to   space 223232K, 0% used [0x00000007e4600000,0x00000007e4600000,0x00000007f2000000)
 ParOldGen       total 231424K, used 173393K [0x0000000782200000, 0x0000000790400000, 0x00000007d6080000)
  object space 231424K, 74% used [0x0000000782200000,0x000000078cb54580,0x0000000790400000)
 PSPermGen       total 73216K, used 32600K [0x000000077d000000, 0x0000000781780000, 0x0000000782200000)
  object space 73216K, 44% used [0x000000077d000000,0x000000077efd62e0,0x0000000781780000)
Event: 91.516 GC heap after
Heap after GC invocations=29 (full 2):
 PSYoungGen      total 458240K, used 131616K [0x00000007d6080000, 0x00000007ffd80000, 0x0000000800000000)
  eden space 235008K, 0% used [0x00000007d6080000,0x00000007d6080000,0x00000007e4600000)
  from space 223232K, 58% used [0x00000007e4600000,0x00000007ec688000,0x00000007f2000000)
  to   space 221184K, 0% used [0x00000007f2580000,0x00000007f2580000,0x00000007ffd80000)
 ParOldGen       total 231424K, used 173401K [0x0000000782200000, 0x0000000790400000, 0x00000007d6080000)
  object space 231424K, 74% used [0x0000000782200000,0x000000078cb56580,0x0000000790400000)
 PSPermGen       total 73216K, used 32600K [0x000000077d000000, 0x0000000781780000, 0x0000000782200000)
  object space 73216K, 44% used [0x000000077d000000,0x000000077efd62e0,0x0000000781780000)
}
Event: 100.750 GC heap before
{Heap before GC invocations=30 (full 2):
 PSYoungGen      total 458240K, used 366624K [0x00000007d6080000, 0x00000007ffd80000, 0x0000000800000000)
  eden space 235008K, 100% used [0x00000007d6080000,0x00000007e4600000,0x00000007e4600000)
  from space 223232K, 58% used [0x00000007e4600000,0x00000007ec688000,0x00000007f2000000)
  to   space 221184K, 0% used [0x00000007f2580000,0x00000007f2580000,0x00000007ffd80000)
 ParOldGen       total 231424K, used 173401K [0x0000000782200000, 0x0000000790400000, 0x00000007d6080000)
  object space 231424K, 74% used [0x0000000782200000,0x000000078cb56580,0x0000000790400000)
 PSPermGen       total 73216K, used 32617K [0x000000077d000000, 0x0000000781780000, 0x0000000782200000)
  object space 73216K, 44% used [0x000000077d000000,0x000000077efda450,0x0000000781780000)
Event: 101.878 GC heap after
Heap after GC invocations=30 (full 2):
 PSYoungGen      total 458752K, used 129856K [0x00000007d6080000, 0x00000007ff800000, 0x0000000800000000)
  eden space 243200K, 0% used [0x00000007d6080000,0x00000007d6080000,0x00000007e4e00000)
  from space 215552K, 60% used [0x00000007f2580000,0x00000007fa450000,0x00000007ff800000)
  to   space 218112K, 0% used [0x00000007e4e00000,0x00000007e4e00000,0x00000007f2300000)
 ParOldGen       total 231424K, used 173409K [0x0000000782200000, 0x0000000790400000, 0x00000007d6080000)
  object space 231424K, 74% used [0x0000000782200000,0x000000078cb58580,0x0000000790400000)
 PSPermGen       total 73216K, used 32617K [0x000000077d000000, 0x0000000781780000, 0x0000000782200000)
  object space 73216K, 44% used [0x000000077d000000,0x000000077efda450,0x0000000781780000)
}
Event: 112.639 GC heap before
{Heap before GC invocations=31 (full 2):
 PSYoungGen      total 458752K, used 373056K [0x00000007d6080000, 0x00000007ff800000, 0x0000000800000000)
  eden space 243200K, 100% used [0x00000007d6080000,0x00000007e4e00000,0x00000007e4e00000)
  from space 215552K, 60% used [0x00000007f2580000,0x00000007fa450000,0x00000007ff800000)
  to   space 218112K, 0% used [0x00000007e4e00000,0x00000007e4e00000,0x00000007f2300000)
 ParOldGen       total 231424K, used 173409K [0x0000000782200000, 0x0000000790400000, 0x00000007d6080000)
  object space 231424K, 74% used [0x0000000782200000,0x000000078cb58580,0x0000000790400000)
 PSPermGen       total 73216K, used 32634K [0x000000077d000000, 0x0000000781780000, 0x0000000782200000)
  object space 73216K, 44% used [0x000000077d000000,0x000000077efde920,0x0000000781780000)
Event: 113.799 GC heap after
Heap after GC invocations=31 (full 2):
 PSYoungGen      total 461312K, used 135904K [0x00000007d6080000, 0x0000000800000000, 0x0000000800000000)
  eden space 243200K, 0% used [0x00000007d6080000,0x00000007d6080000,0x00000007e4e00000)
  from space 218112K, 62% used [0x00000007e4e00000,0x00000007ed2b8000,0x00000007f2300000)
  to   space 217088K, 0% used [0x00000007f2c00000,0x00000007f2c00000,0x0000000800000000)
 ParOldGen       total 231424K, used 173425K [0x0000000782200000, 0x0000000790400000, 0x00000007d6080000)
  object space 231424K, 74% used [0x0000000782200000,0x000000078cb5c580,0x0000000790400000)
 PSPermGen       total 73216K, used 32634K [0x000000077d000000, 0x0000000781780000, 0x0000000782200000)
  object space 73216K, 44% used [0x000000077d000000,0x000000077efde920,0x0000000781780000)
}
Event: 123.107 GC heap before
{Heap before GC invocations=32 (full 2):
 PSYoungGen      total 461312K, used 379104K [0x00000007d6080000, 0x0000000800000000, 0x0000000800000000)
  eden space 243200K, 100% used [0x00000007d6080000,0x00000007e4e00000,0x00000007e4e00000)
  from space 218112K, 62% used [0x00000007e4e00000,0x00000007ed2b8000,0x00000007f2300000)
  to   space 217088K, 0% used [0x00000007f2c00000,0x00000007f2c00000,0x0000000800000000)
 ParOldGen       total 231424K, used 173425K [0x0000000782200000, 0x0000000790400000, 0x00000007d6080000)
  object space 231424K, 74% used [0x0000000782200000,0x000000078cb5c580,0x0000000790400000)
 PSPermGen       total 73216K, used 32643K [0x000000077d000000, 0x0000000781780000, 0x0000000782200000)
  object space 73216K, 44% used [0x000000077d000000,0x000000077efe0e60,0x0000000781780000)
Event: 124.318 GC heap after
Heap after GC invocations=32 (full 2):
 PSYoungGen      total 465408K, used 136224K [0x00000007d6080000, 0x00000007ffc00000, 0x0000000800000000)
  eden space 252416K, 0% used [0x00000007d6080000,0x00000007d6080000,0x00000007e5700000)
  from space 212992K, 63% used [0x00000007f2c00000,0x00000007fb108000,0x00000007ffc00000)
  to   space 215552K, 0% used [0x00000007e5700000,0x00000007e5700000,0x00000007f2980000)
 ParOldGen       total 231424K, used 173441K [0x0000000782200000, 0x0000000790400000, 0x00000007d6080000)
  object space 231424K, 74% used [0x0000000782200000,0x000000078cb60580,0x0000000790400000)
 PSPermGen       total 73216K, used 32643K [0x000000077d000000, 0x0000000781780000, 0x0000000782200000)
  object space 73216K, 44% used [0x000000077d000000,0x000000077efe0e60,0x0000000781780000)
}

